c:\working\npp_hexedit\hexeditor\projects\2003\x64\debug\vc143.pdb
c:\working\npp_hexedit\hexeditor\projects\2003\x64\debug\utf8_16.obj
c:\working\npp_hexedit\hexeditor\projects\2003\x64\debug\urlctrl.obj
c:\working\npp_hexedit\hexeditor\projects\2003\x64\debug\tooltip.obj
c:\working\npp_hexedit\hexeditor\projects\2003\x64\debug\patterndialog.obj
c:\working\npp_hexedit\hexeditor\projects\2003\x64\debug\optiondialog.obj
c:\working\npp_hexedit\hexeditor\projects\2003\x64\debug\multitypecombo.obj
c:\working\npp_hexedit\hexeditor\projects\2003\x64\debug\modifymenu.obj
c:\working\npp_hexedit\hexeditor\projects\2003\x64\debug\hex.obj
c:\working\npp_hexedit\hexeditor\projects\2003\x64\debug\helpdialog.obj
c:\working\npp_hexedit\hexeditor\projects\2003\x64\debug\hexdialog.obj
c:\working\npp_hexedit\hexeditor\projects\2003\x64\debug\gotodialog.obj
c:\working\npp_hexedit\hexeditor\projects\2003\x64\debug\findreplacedialog.obj
c:\working\npp_hexedit\hexeditor\projects\2003\x64\debug\comparedialog.obj
c:\working\npp_hexedit\hexeditor\projects\2003\x64\debug\columndialog.obj
c:\working\npp_hexedit\hexeditor\projects\2003\x64\debug\colorpopup.obj
c:\working\npp_hexedit\hexeditor\projects\2003\x64\debug\colorcombo.obj
c:\working\npp_hexedit\hexeditor\projects\2003\x64\debug\staticdialog1.obj
c:\working\npp_hexedit\hexeditor\projects\2003\x64\debug\sysmsg1.obj
c:\working\npp_hexedit\hexeditor\projects\2003\x64\debug\stdafx1.obj
c:\working\npp_hexedit\hexeditor\projects\2003\x64\debug\hexdialog.res
c:\working\npp_hexedit\hexeditor\projects\2003\x64\debug\hexeditor.tlog\cl.command.1.tlog
c:\working\npp_hexedit\hexeditor\projects\2003\x64\debug\hexeditor.tlog\cl.read.1.tlog
c:\working\npp_hexedit\hexeditor\projects\2003\x64\debug\hexeditor.tlog\cl.write.1.tlog
c:\working\npp_hexedit\hexeditor\projects\2003\x64\debug\hexeditor.tlog\rc.command.1.tlog
c:\working\npp_hexedit\hexeditor\projects\2003\x64\debug\hexeditor.tlog\rc.read.1.tlog
c:\working\npp_hexedit\hexeditor\projects\2003\x64\debug\hexeditor.tlog\rc.write.1.tlog
