cl : 命令行 warning D9035: “Gm”选项已否决，并将在将来的版本中移除
cl : 命令行 warning D9035: “Zc:forScope-”选项已否决，并将在将来的版本中移除
  MultiTypeCombo.cpp
C:\Working\NPPHexEditor\Common\Ccpp\Notepad_plus_rc.h(1,1): warning C4819: 该文件包含不能在当前代码页(936)中表示的字符。请将该文件保存为 Unicode 格式以防止数据丢失
C:\Working\NPPHexEditor\NativeLang\src\NativeLang_def.h(304,10): warning C4996: '_wcstok': This function or variable may be unsafe. Consider using wcstok_s instead. To disable deprecation, use _CRT_SECURE_NO_WARNINGS. See online help for details.
C:\Working\NPPHexEditor\NativeLang\src\NativeLang_def.h(305,10): warning C4996: '_wcstok': This function or variable may be unsafe. Consider using wcstok_s instead. To disable deprecation, use _CRT_SECURE_NO_WARNINGS. See online help for details.
C:\Working\NPPHexEditor\HexEditor\src\misc\MultiTypeCombo.cpp(327,5): warning C4996: 'strcpy': This function or variable may be unsafe. Consider using strcpy_s instead. To disable deprecation, use _CRT_SECURE_NO_WARNINGS. See online help for details.
C:\Working\NPPHexEditor\HexEditor\src\misc\MultiTypeCombo.cpp(328,11): warning C4996: 'strtok': This function or variable may be unsafe. Consider using strtok_s instead. To disable deprecation, use _CRT_SECURE_NO_WARNINGS. See online help for details.
C:\Working\NPPHexEditor\HexEditor\src\misc\MultiTypeCombo.cpp(332,6): warning C4996: 'strcat': This function or variable may be unsafe. Consider using strcat_s instead. To disable deprecation, use _CRT_SECURE_NO_WARNINGS. See online help for details.
C:\Working\NPPHexEditor\HexEditor\src\misc\MultiTypeCombo.cpp(333,12): warning C4996: 'strtok': This function or variable may be unsafe. Consider using strtok_s instead. To disable deprecation, use _CRT_SECURE_NO_WARNINGS. See online help for details.
C:\Working\NPPHexEditor\HexEditor\src\misc\MultiTypeCombo.cpp(443,6): warning C4996: 'strcpy': This function or variable may be unsafe. Consider using strcpy_s instead. To disable deprecation, use _CRT_SECURE_NO_WARNINGS. See online help for details.
C:\Working\NPPHexEditor\HexEditor\src\misc\MultiTypeCombo.cpp(446,7): warning C4996: 'strcat': This function or variable may be unsafe. Consider using strcat_s instead. To disable deprecation, use _CRT_SECURE_NO_WARNINGS. See online help for details.
C:\Working\NPPHexEditor\HexEditor\src\misc\MultiTypeCombo.cpp(447,7): warning C4996: 'strcat': This function or variable may be unsafe. Consider using strcat_s instead. To disable deprecation, use _CRT_SECURE_NO_WARNINGS. See online help for details.
  ColorCombo.cpp
  PatternDialog.cpp
C:\Working\NPPHexEditor\Common\Ccpp\Notepad_plus_rc.h(1,1): warning C4819: 该文件包含不能在当前代码页(936)中表示的字符。请将该文件保存为 Unicode 格式以防止数据丢失
C:\Working\NPPHexEditor\NativeLang\src\NativeLang_def.h(304,10): warning C4996: '_wcstok': This function or variable may be unsafe. Consider using wcstok_s instead. To disable deprecation, use _CRT_SECURE_NO_WARNINGS. See online help for details.
C:\Working\NPPHexEditor\NativeLang\src\NativeLang_def.h(305,10): warning C4996: '_wcstok': This function or variable may be unsafe. Consider using wcstok_s instead. To disable deprecation, use _CRT_SECURE_NO_WARNINGS. See online help for details.
C:\Working\NPPHexEditor\HexEditor\src\UserDlg\PatternDialog.cpp(29,3): warning C4996: 'wcscpy': This function or variable may be unsafe. Consider using wcscpy_s instead. To disable deprecation, use _CRT_SECURE_NO_WARNINGS. See online help for details.
C:\Working\NPPHexEditor\HexEditor\src\UserDlg\PatternDialog.cpp(45,3): warning C4996: 'wcscpy': This function or variable may be unsafe. Consider using wcscpy_s instead. To disable deprecation, use _CRT_SECURE_NO_WARNINGS. See online help for details.
C:\Working\NPPHexEditor\HexEditor\src\UserDlg\PatternDialog.cpp(179,4): warning C4996: '_swprintf': This function or variable may be unsafe. Consider using swprintf_s instead. To disable deprecation, use _CRT_SECURE_NO_WARNINGS. See online help for details.
C:\Working\NPPHexEditor\HexEditor\src\UserDlg\PatternDialog.cpp(181,4): warning C4996: '_swprintf': This function or variable may be unsafe. Consider using swprintf_s instead. To disable deprecation, use _CRT_SECURE_NO_WARNINGS. See online help for details.
  GotoDialog.cpp
C:\Working\NPPHexEditor\Common\Ccpp\Notepad_plus_rc.h(1,1): warning C4819: 该文件包含不能在当前代码页(936)中表示的字符。请将该文件保存为 Unicode 格式以防止数据丢失
C:\Working\NPPHexEditor\NativeLang\src\NativeLang_def.h(304,10): warning C4996: '_wcstok': This function or variable may be unsafe. Consider using wcstok_s instead. To disable deprecation, use _CRT_SECURE_NO_WARNINGS. See online help for details.
C:\Working\NPPHexEditor\NativeLang\src\NativeLang_def.h(305,10): warning C4996: '_wcstok': This function or variable may be unsafe. Consider using wcstok_s instead. To disable deprecation, use _CRT_SECURE_NO_WARNINGS. See online help for details.
C:\Working\NPPHexEditor\HexEditor\src\UserDlg\GotoDialog.cpp(209,5): warning C4996: 'sprintf': This function or variable may be unsafe. Consider using sprintf_s instead. To disable deprecation, use _CRT_SECURE_NO_WARNINGS. See online help for details.
C:\Working\NPPHexEditor\HexEditor\src\UserDlg\GotoDialog.cpp(216,5): warning C4996: 'sprintf': This function or variable may be unsafe. Consider using sprintf_s instead. To disable deprecation, use _CRT_SECURE_NO_WARNINGS. See online help for details.
C:\Working\NPPHexEditor\HexEditor\src\UserDlg\GotoDialog.cpp(225,5): warning C4996: 'sprintf': This function or variable may be unsafe. Consider using sprintf_s instead. To disable deprecation, use _CRT_SECURE_NO_WARNINGS. See online help for details.
C:\Working\NPPHexEditor\HexEditor\src\UserDlg\GotoDialog.cpp(232,5): warning C4996: 'sprintf': This function or variable may be unsafe. Consider using sprintf_s instead. To disable deprecation, use _CRT_SECURE_NO_WARNINGS. See online help for details.
C:\Working\NPPHexEditor\HexEditor\src\UserDlg\GotoDialog.cpp(256,3): warning C4996: 'sprintf': This function or variable may be unsafe. Consider using sprintf_s instead. To disable deprecation, use _CRT_SECURE_NO_WARNINGS. See online help for details.
C:\Working\NPPHexEditor\HexEditor\src\UserDlg\GotoDialog.cpp(261,4): warning C4996: 'sprintf': This function or variable may be unsafe. Consider using sprintf_s instead. To disable deprecation, use _CRT_SECURE_NO_WARNINGS. See online help for details.
C:\Working\NPPHexEditor\HexEditor\src\UserDlg\GotoDialog.cpp(263,4): warning C4996: 'sprintf': This function or variable may be unsafe. Consider using sprintf_s instead. To disable deprecation, use _CRT_SECURE_NO_WARNINGS. See online help for details.
C:\Working\NPPHexEditor\HexEditor\src\UserDlg\GotoDialog.cpp(275,56): warning C4996: 'itoa': The POSIX name for this item is deprecated. Instead, use the ISO C and C++ conformant name: _itoa. See online help for details.
C:\Working\NPPHexEditor\HexEditor\src\UserDlg\GotoDialog.cpp(279,57): warning C4996: 'itoa': The POSIX name for this item is deprecated. Instead, use the ISO C and C++ conformant name: _itoa. See online help for details.
C:\Working\NPPHexEditor\HexEditor\src\UserDlg\GotoDialog.cpp(281,57): warning C4996: 'itoa': The POSIX name for this item is deprecated. Instead, use the ISO C and C++ conformant name: _itoa. See online help for details.
  FindReplaceDialog.cpp
C:\Working\NPPHexEditor\Common\Ccpp\Notepad_plus_rc.h(1,1): warning C4819: 该文件包含不能在当前代码页(936)中表示的字符。请将该文件保存为 Unicode 格式以防止数据丢失
C:\Working\NPPHexEditor\NativeLang\src\NativeLang_def.h(304,10): warning C4996: '_wcstok': This function or variable may be unsafe. Consider using wcstok_s instead. To disable deprecation, use _CRT_SECURE_NO_WARNINGS. See online help for details.
C:\Working\NPPHexEditor\NativeLang\src\NativeLang_def.h(305,10): warning C4996: '_wcstok': This function or variable may be unsafe. Consider using wcstok_s instead. To disable deprecation, use _CRT_SECURE_NO_WARNINGS. See online help for details.
C:\Working\NPPHexEditor\HexEditor\src\UserDlg\FindReplaceDialog.cpp(28,1): warning C4005: “CB_SETMINVISIBLE”: 宏重定义
C:\Program Files (x86)\Windows Kits\10\Include\10.0.22000.0\um\commctrl.h(7571): message : 参见“CB_SETMINVISIBLE”的前一个定义
C:\Working\NPPHexEditor\HexEditor\src\UserDlg\FindReplaceDialog.cpp(195,3): warning C4996: 'wcscpy': This function or variable may be unsafe. Consider using wcscpy_s instead. To disable deprecation, use _CRT_SECURE_NO_WARNINGS. See online help for details.
C:\Working\NPPHexEditor\HexEditor\src\UserDlg\FindReplaceDialog.cpp(200,3): warning C4996: 'wcscpy': This function or variable may be unsafe. Consider using wcscpy_s instead. To disable deprecation, use _CRT_SECURE_NO_WARNINGS. See online help for details.
C:\Working\NPPHexEditor\HexEditor\src\UserDlg\FindReplaceDialog.cpp(259,4): warning C4996: 'wcscpy': This function or variable may be unsafe. Consider using wcscpy_s instead. To disable deprecation, use _CRT_SECURE_NO_WARNINGS. See online help for details.
C:\Working\NPPHexEditor\HexEditor\src\UserDlg\FindReplaceDialog.cpp(272,4): warning C4996: 'wcscpy': This function or variable may be unsafe. Consider using wcscpy_s instead. To disable deprecation, use _CRT_SECURE_NO_WARNINGS. See online help for details.
C:\Working\NPPHexEditor\HexEditor\src\UserDlg\FindReplaceDialog.cpp(454,7): warning C4996: 'wcscpy': This function or variable may be unsafe. Consider using wcscpy_s instead. To disable deprecation, use _CRT_SECURE_NO_WARNINGS. See online help for details.
C:\Working\NPPHexEditor\HexEditor\src\UserDlg\FindReplaceDialog.cpp(519,34): warning C4996: 'stricmp': The POSIX name for this item is deprecated. Instead, use the ISO C and C++ conformant name: _stricmp. See online help for details.
C:\Working\NPPHexEditor\HexEditor\src\UserDlg\FindReplaceDialog.cpp(646,4): warning C4996: 'wcscpy': This function or variable may be unsafe. Consider using wcscpy_s instead. To disable deprecation, use _CRT_SECURE_NO_WARNINGS. See online help for details.
C:\Working\NPPHexEditor\HexEditor\src\UserDlg\FindReplaceDialog.cpp(663,6): warning C4996: '_swprintf': This function or variable may be unsafe. Consider using swprintf_s instead. To disable deprecation, use _CRT_SECURE_NO_WARNINGS. See online help for details.
C:\Working\NPPHexEditor\HexEditor\src\UserDlg\FindReplaceDialog.cpp(665,6): warning C4996: '_swprintf': This function or variable may be unsafe. Consider using swprintf_s instead. To disable deprecation, use _CRT_SECURE_NO_WARNINGS. See online help for details.
C:\Working\NPPHexEditor\HexEditor\src\UserDlg\FindReplaceDialog.cpp(684,6): warning C4996: '_swprintf': This function or variable may be unsafe. Consider using swprintf_s instead. To disable deprecation, use _CRT_SECURE_NO_WARNINGS. See online help for details.
C:\Working\NPPHexEditor\HexEditor\src\UserDlg\FindReplaceDialog.cpp(686,6): warning C4996: '_swprintf': This function or variable may be unsafe. Consider using swprintf_s instead. To disable deprecation, use _CRT_SECURE_NO_WARNINGS. See online help for details.
C:\Working\NPPHexEditor\HexEditor\src\UserDlg\FindReplaceDialog.cpp(692,7): warning C4996: '_swprintf': This function or variable may be unsafe. Consider using swprintf_s instead. To disable deprecation, use _CRT_SECURE_NO_WARNINGS. See online help for details.
C:\Working\NPPHexEditor\HexEditor\src\UserDlg\FindReplaceDialog.cpp(694,7): warning C4996: '_swprintf': This function or variable may be unsafe. Consider using swprintf_s instead. To disable deprecation, use _CRT_SECURE_NO_WARNINGS. See online help for details.
  CompareDialog.cpp
C:\Working\NPPHexEditor\Common\Ccpp\Notepad_plus_rc.h(1,1): warning C4819: 该文件包含不能在当前代码页(936)中表示的字符。请将该文件保存为 Unicode 格式以防止数据丢失
C:\Working\NPPHexEditor\NativeLang\src\NativeLang_def.h(304,10): warning C4996: '_wcstok': This function or variable may be unsafe. Consider using wcstok_s instead. To disable deprecation, use _CRT_SECURE_NO_WARNINGS. See online help for details.
C:\Working\NPPHexEditor\NativeLang\src\NativeLang_def.h(305,10): warning C4996: '_wcstok': This function or variable may be unsafe. Consider using wcstok_s instead. To disable deprecation, use _CRT_SECURE_NO_WARNINGS. See online help for details.
C:\Working\NPPHexEditor\HexEditor\src\HexDialog.h(80,3): warning C4996: 'wcscpy': This function or variable may be unsafe. Consider using wcscpy_s instead. To disable deprecation, use _CRT_SECURE_NO_WARNINGS. See online help for details.
  Hex.cpp
C:\Working\NPPHexEditor\Common\Ccpp\Notepad_plus_rc.h(1,1): warning C4819: 该文件包含不能在当前代码页(936)中表示的字符。请将该文件保存为 Unicode 格式以防止数据丢失
C:\Working\NPPHexEditor\NativeLang\src\NativeLang_def.h(304,10): warning C4996: '_wcstok': This function or variable may be unsafe. Consider using wcstok_s instead. To disable deprecation, use _CRT_SECURE_NO_WARNINGS. See online help for details.
C:\Working\NPPHexEditor\NativeLang\src\NativeLang_def.h(305,10): warning C4996: '_wcstok': This function or variable may be unsafe. Consider using wcstok_s instead. To disable deprecation, use _CRT_SECURE_NO_WARNINGS. See online help for details.
C:\Working\NPPHexEditor\HexEditor\src\HexDialog.h(80,3): warning C4996: 'wcscpy': This function or variable may be unsafe. Consider using wcscpy_s instead. To disable deprecation, use _CRT_SECURE_NO_WARNINGS. See online help for details.
C:\Working\NPPHexEditor\HexEditor\src\Hex.cpp(128,7): warning C4101: “dwRetVal”: 未引用的局部变量
C:\Working\NPPHexEditor\HexEditor\src\Hex.cpp(196,7): warning C4996: 'wcscpy': This function or variable may be unsafe. Consider using wcscpy_s instead. To disable deprecation, use _CRT_SECURE_NO_WARNINGS. See online help for details.
C:\Working\NPPHexEditor\HexEditor\src\Hex.cpp(197,7): warning C4996: 'wcscpy': This function or variable may be unsafe. Consider using wcscpy_s instead. To disable deprecation, use _CRT_SECURE_NO_WARNINGS. See online help for details.
C:\Working\NPPHexEditor\HexEditor\src\Hex.cpp(198,7): warning C4996: 'wcscpy': This function or variable may be unsafe. Consider using wcscpy_s instead. To disable deprecation, use _CRT_SECURE_NO_WARNINGS. See online help for details.
C:\Working\NPPHexEditor\HexEditor\src\Hex.cpp(199,7): warning C4996: 'wcscpy': This function or variable may be unsafe. Consider using wcscpy_s instead. To disable deprecation, use _CRT_SECURE_NO_WARNINGS. See online help for details.
C:\Working\NPPHexEditor\HexEditor\src\Hex.cpp(200,7): warning C4996: 'wcscpy': This function or variable may be unsafe. Consider using wcscpy_s instead. To disable deprecation, use _CRT_SECURE_NO_WARNINGS. See online help for details.
C:\Working\NPPHexEditor\HexEditor\src\Hex.cpp(201,7): warning C4996: 'wcscpy': This function or variable may be unsafe. Consider using wcscpy_s instead. To disable deprecation, use _CRT_SECURE_NO_WARNINGS. See online help for details.
C:\Working\NPPHexEditor\HexEditor\src\Hex.cpp(202,7): warning C4996: 'wcscpy': This function or variable may be unsafe. Consider using wcscpy_s instead. To disable deprecation, use _CRT_SECURE_NO_WARNINGS. See online help for details.
C:\Working\NPPHexEditor\HexEditor\src\Hex.cpp(454,23): warning C4838: 从“int”转换到“CHAR”需要收缩转换
C:\Working\NPPHexEditor\HexEditor\src\Hex.cpp(454,23): warning C4309: “初始化”: 截断常量值
C:\Working\NPPHexEditor\HexEditor\src\Hex.cpp(454,29): warning C4838: 从“int”转换到“CHAR”需要收缩转换
C:\Working\NPPHexEditor\HexEditor\src\Hex.cpp(454,29): warning C4309: “初始化”: 截断常量值
C:\Working\NPPHexEditor\HexEditor\src\Hex.cpp(433,7): warning C4996: 'wcscpy': This function or variable may be unsafe. Consider using wcscpy_s instead. To disable deprecation, use _CRT_SECURE_NO_WARNINGS. See online help for details.
C:\Working\NPPHexEditor\HexEditor\src\Hex.cpp(439,3): warning C4996: 'wcscpy': This function or variable may be unsafe. Consider using wcscpy_s instead. To disable deprecation, use _CRT_SECURE_NO_WARNINGS. See online help for details.
C:\Working\NPPHexEditor\HexEditor\src\Hex.cpp(448,3): warning C4996: 'wcscpy': This function or variable may be unsafe. Consider using wcscpy_s instead. To disable deprecation, use _CRT_SECURE_NO_WARNINGS. See online help for details.
C:\Working\NPPHexEditor\HexEditor\src\Hex.cpp(449,3): warning C4996: 'wcscat': This function or variable may be unsafe. Consider using wcscat_s instead. To disable deprecation, use _CRT_SECURE_NO_WARNINGS. See online help for details.
C:\Working\NPPHexEditor\HexEditor\src\Hex.cpp(502,52): warning C4996: '_itow': This function or variable may be unsafe. Consider using _itow_s instead. To disable deprecation, use _CRT_SECURE_NO_WARNINGS. See online help for details.
C:\Working\NPPHexEditor\HexEditor\src\Hex.cpp(503,51): warning C4996: '_itow': This function or variable may be unsafe. Consider using _itow_s instead. To disable deprecation, use _CRT_SECURE_NO_WARNINGS. See online help for details.
C:\Working\NPPHexEditor\HexEditor\src\Hex.cpp(504,48): warning C4996: '_itow': This function or variable may be unsafe. Consider using _itow_s instead. To disable deprecation, use _CRT_SECURE_NO_WARNINGS. See online help for details.
C:\Working\NPPHexEditor\HexEditor\src\Hex.cpp(505,47): warning C4996: '_itow': This function or variable may be unsafe. Consider using _itow_s instead. To disable deprecation, use _CRT_SECURE_NO_WARNINGS. See online help for details.
C:\Working\NPPHexEditor\HexEditor\src\Hex.cpp(506,50): warning C4996: '_itow': This function or variable may be unsafe. Consider using _itow_s instead. To disable deprecation, use _CRT_SECURE_NO_WARNINGS. See online help for details.
C:\Working\NPPHexEditor\HexEditor\src\Hex.cpp(509,53): warning C4996: '_itow': This function or variable may be unsafe. Consider using _itow_s instead. To disable deprecation, use _CRT_SECURE_NO_WARNINGS. See online help for details.
C:\Working\NPPHexEditor\HexEditor\src\Hex.cpp(510,52): warning C4996: '_itow': This function or variable may be unsafe. Consider using _itow_s instead. To disable deprecation, use _CRT_SECURE_NO_WARNINGS. See online help for details.
C:\Working\NPPHexEditor\HexEditor\src\Hex.cpp(511,53): warning C4996: '_itow': This function or variable may be unsafe. Consider using _itow_s instead. To disable deprecation, use _CRT_SECURE_NO_WARNINGS. See online help for details.
C:\Working\NPPHexEditor\HexEditor\src\Hex.cpp(512,52): warning C4996: '_itow': This function or variable may be unsafe. Consider using _itow_s instead. To disable deprecation, use _CRT_SECURE_NO_WARNINGS. See online help for details.
C:\Working\NPPHexEditor\HexEditor\src\Hex.cpp(513,54): warning C4996: '_itow': This function or variable may be unsafe. Consider using _itow_s instead. To disable deprecation, use _CRT_SECURE_NO_WARNINGS. See online help for details.
C:\Working\NPPHexEditor\HexEditor\src\Hex.cpp(514,53): warning C4996: '_itow': This function or variable may be unsafe. Consider using _itow_s instead. To disable deprecation, use _CRT_SECURE_NO_WARNINGS. See online help for details.
C:\Working\NPPHexEditor\HexEditor\src\Hex.cpp(515,54): warning C4996: '_itow': This function or variable may be unsafe. Consider using _itow_s instead. To disable deprecation, use _CRT_SECURE_NO_WARNINGS. See online help for details.
C:\Working\NPPHexEditor\HexEditor\src\Hex.cpp(516,53): warning C4996: '_itow': This function or variable may be unsafe. Consider using _itow_s instead. To disable deprecation, use _CRT_SECURE_NO_WARNINGS. See online help for details.
C:\Working\NPPHexEditor\HexEditor\src\Hex.cpp(517,54): warning C4996: '_itow': This function or variable may be unsafe. Consider using _itow_s instead. To disable deprecation, use _CRT_SECURE_NO_WARNINGS. See online help for details.
C:\Working\NPPHexEditor\HexEditor\src\Hex.cpp(519,52): warning C4996: '_itow': This function or variable may be unsafe. Consider using _itow_s instead. To disable deprecation, use _CRT_SECURE_NO_WARNINGS. See online help for details.
C:\Working\NPPHexEditor\HexEditor\src\Hex.cpp(520,51): warning C4996: '_itow': This function or variable may be unsafe. Consider using _itow_s instead. To disable deprecation, use _CRT_SECURE_NO_WARNINGS. See online help for details.
C:\Working\NPPHexEditor\HexEditor\src\Hex.cpp(521,48): warning C4996: '_itow': This function or variable may be unsafe. Consider using _itow_s instead. To disable deprecation, use _CRT_SECURE_NO_WARNINGS. See online help for details.
C:\Working\NPPHexEditor\HexEditor\src\Hex.cpp(522,50): warning C4996: '_itow': This function or variable may be unsafe. Consider using _itow_s instead. To disable deprecation, use _CRT_SECURE_NO_WARNINGS. See online help for details.
C:\Working\NPPHexEditor\HexEditor\src\Hex.cpp(523,53): warning C4996: '_itow': This function or variable may be unsafe. Consider using _itow_s instead. To disable deprecation, use _CRT_SECURE_NO_WARNINGS. See online help for details.
C:\Working\NPPHexEditor\HexEditor\src\Hex.cpp(524,53): warning C4996: '_itow': This function or variable may be unsafe. Consider using _itow_s instead. To disable deprecation, use _CRT_SECURE_NO_WARNINGS. See online help for details.
C:\Working\NPPHexEditor\HexEditor\src\Hex.cpp(1109,5): warning C4996: 'wcscpy': This function or variable may be unsafe. Consider using wcscpy_s instead. To disable deprecation, use _CRT_SECURE_NO_WARNINGS. See online help for details.
C:\Working\NPPHexEditor\HexEditor\src\Hex.cpp(1235,5): warning C4996: 'wcscpy': This function or variable may be unsafe. Consider using wcscpy_s instead. To disable deprecation, use _CRT_SECURE_NO_WARNINGS. See online help for details.
C:\Working\NPPHexEditor\HexEditor\src\Hex.cpp(1237,11): warning C4996: '_wcstok': This function or variable may be unsafe. Consider using wcstok_s instead. To disable deprecation, use _CRT_SECURE_NO_WARNINGS. See online help for details.
C:\Working\NPPHexEditor\HexEditor\src\Hex.cpp(1245,13): warning C4996: '_wcstok': This function or variable may be unsafe. Consider using wcstok_s instead. To disable deprecation, use _CRT_SECURE_NO_WARNINGS. See online help for details.
C:\Working\NPPHexEditor\HexEditor\src\Hex.cpp(1319,5): warning C4996: 'strcpy': This function or variable may be unsafe. Consider using strcpy_s instead. To disable deprecation, use _CRT_SECURE_NO_WARNINGS. See online help for details.
C:\Working\NPPHexEditor\HexEditor\src\Hex.cpp(1322,7): warning C4996: 'strcat': This function or variable may be unsafe. Consider using strcat_s instead. To disable deprecation, use _CRT_SECURE_NO_WARNINGS. See online help for details.
C:\Working\NPPHexEditor\HexEditor\src\Hex.cpp(1323,7): warning C4996: 'strcat': This function or variable may be unsafe. Consider using strcat_s instead. To disable deprecation, use _CRT_SECURE_NO_WARNINGS. See online help for details.
C:\Working\NPPHexEditor\HexEditor\src\Hex.cpp(1620,52): warning C4018: “<”: 有符号/无符号不匹配
C:\Working\NPPHexEditor\HexEditor\src\Hex.cpp(1533,3): warning C4996: 'wcscpy': This function or variable may be unsafe. Consider using wcscpy_s instead. To disable deprecation, use _CRT_SECURE_NO_WARNINGS. See online help for details.
C:\Working\NPPHexEditor\HexEditor\src\Hex.cpp(1534,3): warning C4996: 'wcscpy': This function or variable may be unsafe. Consider using wcscpy_s instead. To disable deprecation, use _CRT_SECURE_NO_WARNINGS. See online help for details.
C:\Working\NPPHexEditor\HexEditor\src\Hex.cpp(1537,3): warning C4996: 'wcscat': This function or variable may be unsafe. Consider using wcscat_s instead. To disable deprecation, use _CRT_SECURE_NO_WARNINGS. See online help for details.
C:\Working\NPPHexEditor\HexEditor\src\Hex.cpp(1538,3): warning C4996: 'wcscpy': This function or variable may be unsafe. Consider using wcscpy_s instead. To disable deprecation, use _CRT_SECURE_NO_WARNINGS. See online help for details.
C:\Working\NPPHexEditor\HexEditor\src\Hex.cpp(1540,3): warning C4996: 'wcscat': This function or variable may be unsafe. Consider using wcscat_s instead. To disable deprecation, use _CRT_SECURE_NO_WARNINGS. See online help for details.
C:\Working\NPPHexEditor\HexEditor\src\Hex.cpp(1541,3): warning C4996: 'wcscat': This function or variable may be unsafe. Consider using wcscat_s instead. To disable deprecation, use _CRT_SECURE_NO_WARNINGS. See online help for details.
C:\Working\NPPHexEditor\HexEditor\src\Hex.cpp(1653,20): warning C4996: 'itoa': The POSIX name for this item is deprecated. Instead, use the ISO C and C++ conformant name: _itoa. See online help for details.
  HEXDialog.cpp
C:\Working\NPPHexEditor\Common\Ccpp\Notepad_plus_rc.h(1,1): warning C4819: 该文件包含不能在当前代码页(936)中表示的字符。请将该文件保存为 Unicode 格式以防止数据丢失
C:\Working\NPPHexEditor\NativeLang\src\NativeLang_def.h(304,10): warning C4996: '_wcstok': This function or variable may be unsafe. Consider using wcstok_s instead. To disable deprecation, use _CRT_SECURE_NO_WARNINGS. See online help for details.
C:\Working\NPPHexEditor\NativeLang\src\NativeLang_def.h(305,10): warning C4996: '_wcstok': This function or variable may be unsafe. Consider using wcstok_s instead. To disable deprecation, use _CRT_SECURE_NO_WARNINGS. See online help for details.
C:\Working\NPPHexEditor\HexEditor\src\HEXDialog.h(80,3): warning C4996: 'wcscpy': This function or variable may be unsafe. Consider using wcscpy_s instead. To disable deprecation, use _CRT_SECURE_NO_WARNINGS. See online help for details.
C:\Working\NPPHexEditor\HexEditor\src\HEXDialog.cpp(826,7): warning C4996: 'wcscpy': This function or variable may be unsafe. Consider using wcscpy_s instead. To disable deprecation, use _CRT_SECURE_NO_WARNINGS. See online help for details.
C:\Working\NPPHexEditor\HexEditor\src\HEXDialog.cpp(1054,9): warning C4996: '_swprintf': This function or variable may be unsafe. Consider using swprintf_s instead. To disable deprecation, use _CRT_SECURE_NO_WARNINGS. See online help for details.
C:\Working\NPPHexEditor\HexEditor\src\HEXDialog.cpp(1056,9): warning C4996: '_swprintf': This function or variable may be unsafe. Consider using swprintf_s instead. To disable deprecation, use _CRT_SECURE_NO_WARNINGS. See online help for details.
C:\Working\NPPHexEditor\HexEditor\src\HEXDialog.cpp(1484,29): warning C4477: “_swprintf”: 格式字符串“%s”需要类型“wchar_t *”的参数，但可变参数 1 拥有了类型“LPSTR”
C:\Working\NPPHexEditor\HexEditor\src\HEXDialog.cpp(1484,29): message : 请考虑在格式字符串中使用“%hs”
C:\Working\NPPHexEditor\HexEditor\src\HEXDialog.cpp(1484,29): message : 请考虑在格式字符串中使用“%Ts”
C:\Working\NPPHexEditor\HexEditor\src\HEXDialog.cpp(1484,29): message : Visual C++ 使用非标准语义时会出现此警告
C:\Working\NPPHexEditor\HexEditor\src\HEXDialog.cpp(1484,13): warning C4996: '_swprintf': This function or variable may be unsafe. Consider using swprintf_s instead. To disable deprecation, use _CRT_SECURE_NO_WARNINGS. See online help for details.
C:\Working\NPPHexEditor\HexEditor\src\HEXDialog.cpp(1769,3): warning C4996: 'sprintf': This function or variable may be unsafe. Consider using sprintf_s instead. To disable deprecation, use _CRT_SECURE_NO_WARNINGS. See online help for details.
C:\Working\NPPHexEditor\HexEditor\src\HEXDialog.cpp(1772,3): warning C4996: 'sprintf': This function or variable may be unsafe. Consider using sprintf_s instead. To disable deprecation, use _CRT_SECURE_NO_WARNINGS. See online help for details.
C:\Working\NPPHexEditor\HexEditor\src\HEXDialog.cpp(1849,9): warning C4996: 'strcat': This function or variable may be unsafe. Consider using strcat_s instead. To disable deprecation, use _CRT_SECURE_NO_WARNINGS. See online help for details.
C:\Working\NPPHexEditor\HexEditor\src\HEXDialog.cpp(1855,9): warning C4996: 'strcat': This function or variable may be unsafe. Consider using strcat_s instead. To disable deprecation, use _CRT_SECURE_NO_WARNINGS. See online help for details.
C:\Working\NPPHexEditor\HexEditor\src\HEXDialog.cpp(2010,5): warning C4996: 'wcscpy': This function or variable may be unsafe. Consider using wcscpy_s instead. To disable deprecation, use _CRT_SECURE_NO_WARNINGS. See online help for details.
C:\Working\NPPHexEditor\HexEditor\src\HEXDialog.cpp(3852,25): warning C4838: 从“UINT”转换到“LONG”需要收缩转换
C:\Working\NPPHexEditor\HexEditor\src\HEXDialog.cpp(3862,23): warning C4838: 从“UINT”转换到“LONG”需要收缩转换
C:\Working\NPPHexEditor\HexEditor\src\HEXDialog.cpp(4167,5): warning C4996: '_swprintf': This function or variable may be unsafe. Consider using swprintf_s instead. To disable deprecation, use _CRT_SECURE_NO_WARNINGS. See online help for details.
C:\Working\NPPHexEditor\HexEditor\src\HEXDialog.cpp(4171,5): warning C4996: '_swprintf': This function or variable may be unsafe. Consider using swprintf_s instead. To disable deprecation, use _CRT_SECURE_NO_WARNINGS. See online help for details.
  正在生成代码...
C:\Program Files\Microsoft Visual Studio\2022\Community\MSBuild\Microsoft\VC\v170\Microsoft.CppBuild.targets(1413,5): error MSB3191: 无法创建目录“C:\Program Files (x86)\Notepad++\Plugins”。对路径“C:\Program Files (x86)\Notepad++\Plugins”的访问被拒绝。
